<?xml version="1.0" encoding="UTF-8"?>
<testsuite name="com.gft.HelloWorldControllerTest" tests="1" skipped="0" failures="0" errors="0" timestamp="2016-08-24T08:30:11" hostname="Javiers-MacBook-Pro.local" time="0.027">
  <properties/>
  <testcase name="getHello" classname="com.gft.HelloWorldControllerTest" time="0.027"/>
  <system-out><![CDATA[2016-08-24 10:30:10.969  INFO 43173 --- [    Test worker] o.s.t.c.support.AbstractContextLoader    : Could not detect default resource locations for test class [com.gft.HelloWorldControllerTest]: no resource found for suffixes {-context.xml, Context.groovy}.
2016-08-24 10:30:11.008  INFO 43173 --- [    Test worker] o.s.t.c.web.WebTestContextBootstrapper   : Loaded default TestExecutionListener class names from location [META-INF/spring.factories]: [org.springframework.test.context.web.ServletTestExecutionListener, org.springframework.test.context.support.DirtiesContextBeforeModesTestExecutionListener, org.springframework.test.context.support.DependencyInjectionTestExecutionListener, org.springframework.test.context.support.DirtiesContextTestExecutionListener, org.springframework.test.context.transaction.TransactionalTestExecutionListener, org.springframework.test.context.jdbc.SqlScriptsTestExecutionListener]
2016-08-24 10:30:11.008  INFO 43173 --- [    Test worker] o.s.t.c.web.WebTestContextBootstrapper   : Could not instantiate TestExecutionListener [org.springframework.test.context.jdbc.SqlScriptsTestExecutionListener]. Specify custom listener classes or make the default listener classes (and their required dependencies) available. Offending class: [org/springframework/transaction/interceptor/TransactionAttribute]
2016-08-24 10:30:11.009  INFO 43173 --- [    Test worker] o.s.t.c.web.WebTestContextBootstrapper   : Could not instantiate TestExecutionListener [org.springframework.test.context.transaction.TransactionalTestExecutionListener]. Specify custom listener classes or make the default listener classes (and their required dependencies) available. Offending class: [org/springframework/transaction/interceptor/TransactionAttributeSource]
2016-08-24 10:30:11.009  INFO 43173 --- [    Test worker] o.s.t.c.web.WebTestContextBootstrapper   : Using TestExecutionListeners: [org.springframework.test.context.web.ServletTestExecutionListener@397a6721, org.springframework.test.context.support.DirtiesContextBeforeModesTestExecutionListener@283ef8ed, org.springframework.test.context.support.DependencyInjectionTestExecutionListener@148cbf96, org.springframework.test.context.support.DirtiesContextTestExecutionListener@5254921c]
2016-08-24 10:30:11.073  INFO 43173 --- [    Test worker] s.c.a.AnnotationConfigApplicationContext : Refreshing org.springframework.context.annotation.AnnotationConfigApplicationContext@b7585e7: startup date [Wed Aug 24 10:30:11 CEST 2016]; root of context hierarchy
2016-08-24 10:30:11.104  INFO 43173 --- [    Test worker] trationDelegate$BeanPostProcessorChecker : Bean 'configurationPropertiesRebinderAutoConfiguration' of type [class org.springframework.cloud.autoconfigure.ConfigurationPropertiesRebinderAutoConfiguration$$EnhancerBySpringCGLIB$$559b6f80] is not eligible for getting processed by all BeanPostProcessors (for example: not eligible for auto-proxying)

  .   ____          _            __ _ _
 /\\ / ___'_ __ _ _(_)_ __  __ _ \ \ \ \
( ( )\___ | '_ | '_| | '_ \/ _` | \ \ \ \
 \\/  ___)| |_)| | | | | || (_| |  ) ) ) )
  '  |____| .__|_| |_|_| |_\__, | / / / /
 =========|_|==============|___/=/_/_/_/
 :: Spring Boot ::        (v1.3.5.RELEASE)

2016-08-24 10:30:11.194  INFO 43173 --- [    Test worker] c.c.c.ConfigServicePropertySourceLocator : Fetching config from server at: http://localhost:8888
2016-08-24 10:30:11.199  WARN 43173 --- [    Test worker] c.c.c.ConfigServicePropertySourceLocator : Could not locate PropertySource: I/O error on GET request for "http://localhost:8888/application/default": Connection refused; nested exception is java.net.ConnectException: Connection refused
2016-08-24 10:30:11.200  INFO 43173 --- [    Test worker] com.gft.HelloWorldControllerTest         : No active profile set, falling back to default profiles: default
2016-08-24 10:30:11.201  INFO 43173 --- [    Test worker] o.s.w.c.s.GenericWebApplicationContext   : Refreshing org.springframework.web.context.support.GenericWebApplicationContext@5258471e: startup date [Wed Aug 24 10:30:11 CEST 2016]; parent: org.springframework.context.annotation.AnnotationConfigApplicationContext@b7585e7
2016-08-24 10:30:11.215  INFO 43173 --- [    Test worker] com.gft.HelloWorldControllerTest         : Started HelloWorldControllerTest in 0.2 seconds (JVM running for 6.968)
2016-08-24 10:30:11.225  INFO 43173 --- [    Test worker] ilder$StaticRequestMappingHandlerMapping : Mapped "{[/hello-async],methods=[GET]}" onto public rx.Single<java.lang.String> com.gft.HelloWorldController.index()
2016-08-24 10:30:11.239  INFO 43173 --- [    Test worker] s.w.s.m.m.a.RequestMappingHandlerAdapter : Looking for @ControllerAdvice: org.springframework.test.web.servlet.setup.StubWebApplicationContext@56e47436
2016-08-24 10:30:11.243  INFO 43173 --- [    Test worker] o.s.mock.web.MockServletContext          : Initializing Spring FrameworkServlet ''
2016-08-24 10:30:11.243  INFO 43173 --- [    Test worker] o.s.t.web.servlet.TestDispatcherServlet  : FrameworkServlet '': initialization started
2016-08-24 10:30:11.243  INFO 43173 --- [    Test worker] o.s.t.web.servlet.TestDispatcherServlet  : FrameworkServlet '': initialization completed in 0 ms
]]></system-out>
  <system-err><![CDATA[]]></system-err>
</testsuite>
